530101000000
===================注册=============================
7e 
01 00 // 消息ID
00 21 // 消息体属性
01 47 85 23 69 00 // 终端手机BCD码
00 46 // 消息流水


00 0b // 2BYTE 省ID
04 57 // 2BYTE 市县ID
53 31 30 30 30 // 5BYTE 制造商ID 自定义

53 31 30 30 30 30 30 30 // 8BYTE 终端型号 自定义

31 32 33 34 35 36 37 // 7BYTE 终端ID

32 // 1BYTE 车牌颜色

7c a4 42 50 39 34 4a 35 // 8BYTE 车牌号


3d 7e 



7e // 起始标识符
----------------消息头-----------------------
81 00 // 消息ID
00 03 // 消息体属性
01 47 85 23 69 00 // BCD 6个字节 
00 46 // 消息流水号
-----------------------------------

----------------消息体----------------------
00 46 // 应答流水号
04    //结果  // 

0f 7e

===========================鉴权==========================
7e 
01 02 
00 06 // 

01 47 85 23 69 00 // 电话号码

00 45 // 消息流水号

61 61 61 61 61 61 // 消息体-鉴权码

c9 

7e